<?xml version="1.0" encoding="UTF-8"?>
<testsuite xmlns:xsi="http://www.w3.org/2001/XMLSchema-instance" xsi:noNamespaceSchemaLocation="https://maven.apache.org/surefire/maven-surefire-plugin/xsd/surefire-test-report-3.0.xsd" version="3.0" name="org.cancer.donate.runners.TestRunner" time="13.623" tests="1" errors="0" skipped="0" failures="0">
  <properties>
[...]
</properties>
  <testcase name="Donate Home Page Verification" classname="Donate Home Page Functionality" time="13.332">
    <system-out><![CDATA[
@regression
Scenario: Donate Home Page Verification                                                                                                        &amp#27;[90m# src/test/resources/features/donate.feature:6&amp#27;[0m
  &amp#27;[32mThen &amp#27;[0m&amp#27;[32mverify title &amp#27;[0m&amp#27;[32m&amp#27;[1m"Donate Today | The American Cancer Society"&amp#27;[0m&amp#27;[32m is enabled – &amp#27;[0m&amp#27;[32m&amp#27;[1mtrue&amp#27;[0m                                                             &amp#27;[90m# org.cancer.donate.steps.DonateSteps.verify_title_is_displayed_true(java.lang.String,java.lang.Boolean)&amp#27;[0m
  &amp#27;[32mAnd &amp#27;[0m&amp#27;[32mverify background image &amp#27;[0m&amp#27;[32m&amp#27;[1m"url(\"https://acsdonateqaimages.azureedge.net/media/ACS18_029545_Michelle_Quint_Opt.png\")"&amp#27;[0m&amp#27;[32m is displayed - &amp#27;[0m&amp#27;[32m&amp#27;[1mtrue&amp#27;[0m &amp#27;[90m# org.cancer.donate.steps.DonateSteps.verify_background_image_is_displayed_true(java.lang.String,java.lang.Boolean)&amp#27;[0m
  &amp#27;[32mAnd &amp#27;[0m&amp#27;[32mverify logo image is displayed&amp#27;[0m                                                                                                           &amp#27;[90m# org.cancer.donate.steps.DonateSteps.verify_logo_image_is_displayed()&amp#27;[0m
  &amp#27;[32mAnd &amp#27;[0m&amp#27;[32mverify text &amp#27;[0m&amp#27;[32m&amp#27;[1m"Give the gift of cancer research and patient support."&amp#27;[0m&amp#27;[32m is displayed&amp#27;[0m                                                         &amp#27;[90m# org.cancer.donate.steps.DonateSteps.verify_text_is_displayed(java.lang.String)&amp#27;[0m
  &amp#27;[32mAnd &amp#27;[0m&amp#27;[32mclick on One Time and verify the following values are displayed&amp#27;[0m                                                                          &amp#27;[90m# org.cancer.donate.steps.DonateSteps.click_on_One_Time_and_verify_the_following_values_are_displayed(io.cucumber.datatable.DataTable)&amp#27;[0m
  &amp#27;[32mAnd &amp#27;[0m&amp#27;[32mclick on Monthly and verify the following values are displayed&amp#27;[0m                                                                           &amp#27;[90m# org.cancer.donate.steps.DonateSteps.click_on_Monthly_and_verify_the_following_values_are_displayed(io.cucumber.datatable.DataTable)&amp#27;[0m

    Embedding Donate Home Page Verification [image/png 2982164 bytes]

]]></system-out>
    <system-err><![CDATA[May 31, 2021 9:03:51 PM io.cucumber.junit.Cucumber <init>
WARNING: By default Cucumber is running in --non-strict mode.
This default will change to --strict and --non-strict will be removed.
You can use --strict or @CucumberOptions(strict = true) to suppress this warning
SLF4J: Failed to load class "org.slf4j.impl.StaticLoggerBinder".
SLF4J: Defaulting to no-operation (NOP) logger implementation
SLF4J: See http://www.slf4j.org/codes.html#StaticLoggerBinder for further details.
Starting ChromeDriver 90.0.4430.24 (4c6d850f087da467d926e8eddb76550aed655991-refs/branch-heads/4430@{#429}) on port 1611
Only local connections are allowed.
Please see https://chromedriver.chromium.org/security-considerations for suggestions on keeping ChromeDriver safe.
ChromeDriver was started successfully.
May 31, 2021 9:03:52 PM org.openqa.selenium.remote.ProtocolHandshake createSession
INFO: Detected dialect: W3C
]]></system-err>
  </testcase>
</testsuite>